Traceback (most recent call last):
  File "/root/lavecasino/lave.py", line 1, in <module>
    from create_bot import bot, dp
  File "/root/lavecasino/create_bot.py", line 2, in <module>
    import settings
  File "/root/lavecasino/settings.py", line 4, in <module>
    from dotenv import load_dotenv
ModuleNotFoundError: No module named 'dotenv'
Traceback (most recent call last):
  File "/root/lavecasino/lave.py", line 1, in <module>
    from create_bot import bot, dp
  File "/root/lavecasino/create_bot.py", line 2, in <module>
    import settings
  File "/root/lavecasino/settings.py", line 4, in <module>
    from dotenv import load_dotenv
ModuleNotFoundError: No module named 'dotenv'
Traceback (most recent call last):
  File "/root/lavecasino/lave.py", line 1, in <module>
    from create_bot import bot, dp
  File "/root/lavecasino/create_bot.py", line 2, in <module>
    import settings
  File "/root/lavecasino/settings.py", line 4, in <module>
    from dotenv import load_dotenv
ModuleNotFoundError: No module named 'dotenv'
Traceback (most recent call last):
  File "/root/lavecasino/lave.py", line 1, in <module>
    from create_bot import bot, dp
  File "/root/lavecasino/create_bot.py", line 2, in <module>
    import settings
  File "/root/lavecasino/settings.py", line 4, in <module>
    from dotenv import load_dotenv
ModuleNotFoundError: No module named 'dotenv'
Traceback (most recent call last):
  File "/root/lavecasino/lave.py", line 1, in <module>
    from create_bot import bot, dp
  File "/root/lavecasino/create_bot.py", line 2, in <module>
    import settings
  File "/root/lavecasino/settings.py", line 4, in <module>
    from dotenv import load_dotenv
ModuleNotFoundError: No module named 'dotenv'
Traceback (most recent call last):
  File "/root/lavecasino/lave.py", line 1, in <module>
    from create_bot import bot, dp
  File "/root/lavecasino/create_bot.py", line 2, in <module>
    import settings
  File "/root/lavecasino/settings.py", line 4, in <module>
    from dotenv import load_dotenv
ModuleNotFoundError: No module named 'dotenv'
Traceback (most recent call last):
  File "/root/lavecasino/lave.py", line 1, in <module>
    from create_bot import bot, dp
  File "/root/lavecasino/create_bot.py", line 2, in <module>
    import settings
  File "/root/lavecasino/settings.py", line 4, in <module>
    from dotenv import load_dotenv
ModuleNotFoundError: No module named 'dotenv'
Traceback (most recent call last):
  File "/root/lavecasino/lave.py", line 1, in <module>
    from create_bot import bot, dp
  File "/root/lavecasino/create_bot.py", line 1, in <module>
    from aiogram import Bot, Dispatcher
  File "/usr/local/lib/python3.10/site-packages/aiogram/__init__.py", line 1, in <module>
    from aiogram.dispatcher.flags import FlagGenerator
  File "/usr/local/lib/python3.10/site-packages/aiogram/dispatcher/flags.py", line 4, in <module>
    from magic_filter import AttrDict, MagicFilter
  File "/usr/local/lib/python3.10/site-packages/magic_filter/__init__.py", line 1, in <module>
    import pkg_resources
  File "/usr/local/lib/python3.10/site-packages/pkg_resources/__init__.py", line 75, in <module>
    from pkg_resources.extern import packaging
  File "<frozen importlib._bootstrap>", line 1027, in _find_and_load
  File "<frozen importlib._bootstrap>", line 1006, in _find_and_load_unlocked
  File "<frozen importlib._bootstrap>", line 674, in _load_unlocked
  File "<frozen importlib._bootstrap>", line 571, in module_from_spec
  File "/usr/local/lib/python3.10/site-packages/pkg_resources/extern/__init__.py", line 52, in create_module
    return self.load_module(spec.name)
  File "/usr/local/lib/python3.10/site-packages/pkg_resources/extern/__init__.py", line 37, in load_module
    __import__(extant)
  File "/usr/local/lib/python3.10/site-packages/pkg_resources/_vendor/packaging/__init__.py", line 6, in <module>
    from .__about__ import (
  File "<frozen importlib._bootstrap>", line 1027, in _find_and_load
  File "<frozen importlib._bootstrap>", line 1006, in _find_and_load_unlocked
  File "<frozen importlib._bootstrap>", line 688, in _load_unlocked
  File "<frozen importlib._bootstrap_external>", line 879, in exec_module
  File "<frozen importlib._bootstrap_external>", line 975, in get_code
  File "<frozen importlib._bootstrap_external>", line 1074, in get_data
KeyboardInterrupt
